d:\program\c++\procedural terrain generation\x64\release\vc143.pdb
d:\program\c++\procedural terrain generation\x64\release\screenshader.obj
d:\program\c++\procedural terrain generation\x64\release\plane.obj
d:\program\c++\procedural terrain generation\x64\release\object.obj
d:\program\c++\procedural terrain generation\x64\release\model.obj
d:\program\c++\procedural terrain generation\x64\release\mesh.obj
d:\program\c++\procedural terrain generation\x64\release\gui.obj
d:\program\c++\procedural terrain generation\x64\release\framebufferobject.obj
d:\program\c++\procedural terrain generation\x64\release\computeshader.obj
d:\program\c++\procedural terrain generation\x64\release\chunk.obj
d:\program\c++\procedural terrain generation\x64\release\camera.obj
d:\program\c++\procedural terrain generation\x64\release\app.obj
d:\program\c++\procedural terrain generation\x64\release\main.obj
d:\program\c++\procedural terrain generation\x64\release\stb.obj
d:\program\c++\procedural terrain generation\x64\release\imgui_widgets.obj
d:\program\c++\procedural terrain generation\x64\release\imgui_tables.obj
d:\program\c++\procedural terrain generation\x64\release\imgui_impl_opengl3.obj
d:\program\c++\procedural terrain generation\x64\release\imgui_impl_glfw.obj
d:\program\c++\procedural terrain generation\x64\release\imgui_draw.obj
d:\program\c++\procedural terrain generation\x64\release\imgui_demo.obj
d:\program\c++\procedural terrain generation\x64\release\imgui.obj
d:\program\c++\procedural terrain generation\x64\release\window.obj
d:\program\c++\procedural terrain generation\x64\release\water.obj
d:\program\c++\procedural terrain generation\x64\release\texture.obj
d:\program\c++\procedural terrain generation\x64\release\terrain2.obj
d:\program\c++\procedural terrain generation\x64\release\terrain.obj
d:\program\c++\procedural terrain generation\x64\release\skybox.obj
d:\program\c++\procedural terrain generation\x64\release\shader.obj
d:\program\c++\procedural terrain generation\x64\release\glad.obj
d:\program\c++\procedural terrain generation\x64\release\sun.obj
d:\program\c++\procedural terrain generation\x64\release\procedural terrain generation.exe
d:\program\c++\procedural terrain generation\x64\release\procedural terrain generation.pdb
d:\program\c++\procedural terrain generation\x64\release\procedural terrain generation.ipdb
d:\program\c++\procedural terrain generation\x64\release\procedural terrain generation.iobj
d:\program\c++\procedural terrain generation\x64\release\procedur.6cb82dfa.tlog\cl.command.1.tlog
d:\program\c++\procedural terrain generation\x64\release\procedur.6cb82dfa.tlog\cl.read.1.tlog
d:\program\c++\procedural terrain generation\x64\release\procedur.6cb82dfa.tlog\cl.write.1.tlog
d:\program\c++\procedural terrain generation\x64\release\procedur.6cb82dfa.tlog\link.command.1.tlog
d:\program\c++\procedural terrain generation\x64\release\procedur.6cb82dfa.tlog\link.read.1.tlog
d:\program\c++\procedural terrain generation\x64\release\procedur.6cb82dfa.tlog\link.write.1.tlog
d:\program\c++\procedural terrain generation\x64\release\procedur.6cb82dfa.tlog\procedural terrain generation.write.1u.tlog
