d:\program\c++\procedural terrain generation\x64\debug\vc143.pdb
d:\program\c++\procedural terrain generation\x64\debug\vc143.idb
d:\program\c++\procedural terrain generation\x64\debug\shader.obj
d:\program\c++\procedural terrain generation\x64\debug\screenshader.obj
d:\program\c++\procedural terrain generation\x64\debug\plane.obj
d:\program\c++\procedural terrain generation\x64\debug\object.obj
d:\program\c++\procedural terrain generation\x64\debug\mesh.obj
d:\program\c++\procedural terrain generation\x64\debug\gui.obj
d:\program\c++\procedural terrain generation\x64\debug\framebufferobject.obj
d:\program\c++\procedural terrain generation\x64\debug\computeshader.obj
d:\program\c++\procedural terrain generation\x64\debug\chunk.obj
d:\program\c++\procedural terrain generation\x64\debug\camera.obj
d:\program\c++\procedural terrain generation\x64\debug\app.obj
d:\program\c++\procedural terrain generation\x64\debug\main.obj
d:\program\c++\procedural terrain generation\x64\debug\stb.obj
d:\program\c++\procedural terrain generation\x64\debug\imgui_widgets.obj
d:\program\c++\procedural terrain generation\x64\debug\imgui_tables.obj
d:\program\c++\procedural terrain generation\x64\debug\imgui_impl_opengl3.obj
d:\program\c++\procedural terrain generation\x64\debug\imgui_impl_glfw.obj
d:\program\c++\procedural terrain generation\x64\debug\imgui_draw.obj
d:\program\c++\procedural terrain generation\x64\debug\imgui_demo.obj
d:\program\c++\procedural terrain generation\x64\debug\imgui.obj
d:\program\c++\procedural terrain generation\x64\debug\window.obj
d:\program\c++\procedural terrain generation\x64\debug\water.obj
d:\program\c++\procedural terrain generation\x64\debug\texture.obj
d:\program\c++\procedural terrain generation\x64\debug\terrain.obj
d:\program\c++\procedural terrain generation\x64\debug\skybox.obj
d:\program\c++\procedural terrain generation\x64\debug\glad.obj
d:\program\c++\procedural terrain generation\x64\debug\terrain2.obj
d:\program\c++\procedural terrain generation\x64\debug\model.obj
d:\program\c++\procedural terrain generation\x64\debug\sun.obj
d:\program\c++\procedural terrain generation\x64\debug\procedural terrain generation.exe
d:\program\c++\procedural terrain generation\x64\debug\procedural terrain generation.ilk
d:\program\c++\procedural terrain generation\x64\debug\procedural terrain generation.pdb
d:\program\c++\procedural terrain generation\x64\debug\procedur.6cb82dfa.tlog\cl.command.1.tlog
d:\program\c++\procedural terrain generation\x64\debug\procedur.6cb82dfa.tlog\cl.read.1.tlog
d:\program\c++\procedural terrain generation\x64\debug\procedur.6cb82dfa.tlog\cl.write.1.tlog
d:\program\c++\procedural terrain generation\x64\debug\procedur.6cb82dfa.tlog\link.command.1.tlog
d:\program\c++\procedural terrain generation\x64\debug\procedur.6cb82dfa.tlog\link.read.1.tlog
d:\program\c++\procedural terrain generation\x64\debug\procedur.6cb82dfa.tlog\link.write.1.tlog
